<?xml version="1.0" encoding="UTF-8"?>
<!-- Generated by org.testng.reporters.JUnitXMLReporter -->
<testsuite ignored="0" hostname="Shubham" failures="1" tests="2" name="ChromeTest" time="42.134" errors="0" timestamp="2023-08-27T14:07:18 IST">
  <testcase classname="Test_File.TC1_Login_Page" name="Login" time="4.245"/>
  <testcase classname="Test_File.TC1_Login_Page" name="Meeting" time="31.951">
    <failure type="java.lang.AssertionError" message="null">
      <![CDATA[java.lang.AssertionError: null
at Test_File.TC1_Login_Page.Meeting(TC1_Login_Page.java:69)
at java.base/java.util.ArrayList.forEach(ArrayList.java:1511)
... Removed 29 stack frames]]>
    </failure>
  </testcase> <!-- Meeting -->
</testsuite> <!-- ChromeTest -->
